<?xml version="1.0" encoding="UTF-8"?>
<!-- Generated by org.testng.reporters.JUnitReportReporter -->
<testsuite skipped="0" hostname="LIN16007873" name="testCases.Test_script_test1" tests="2" failures="0" timestamp="31 Mar 2021 07:39:16 GMT" time="79.054" errors="0">
  <testcase name="Login" time="42.001" classname="testCases.Test_script_test1"/>
  <testcase name="Login" time="37.053" classname="testCases.Test_script_test1"/>
</testsuite> <!-- testCases.Test_script_test1 -->
